<?xml version="1.0" encoding="UTF-8"?>
<!-- Generated by org.testng.reporters.JUnitXMLReporter -->
<testsuite ignored="4" hostname="DESKTOP-TR185PD" failures="0" tests="2" name="Test" time="237.71" errors="0" timestamp="2022-01-21T15:11:29 IST">
  <testcase classname="com.vtiger.comcast.organizationtest.CreateOrganizationTest" name="createOrgWithIndutriesTest" time="50.091"/>
  <testcase classname="com.vtiger.comcast.contacttest.CreateContactsTest" name="createContactwithorgTest" time="69.505"/>
  <testcase classname="com.crm.GenericLibaray.BaseAnnotationClass" name="@BeforeSuite ConfigBS" time="0.0">
    <ignored/>
  </testcase> <!-- @BeforeSuite ConfigBS -->
  <testcase classname="com.vtiger.comcast.organizationtest.CreateOrganizationTest" name="createOrgTest" time="0.0">
    <ignored/>
  </testcase> <!-- createOrgTest -->
  <testcase classname="com.crm.GenericLibaray.BaseAnnotationClass" name="@AfterSuite ConfigAS" time="0.0">
    <ignored/>
  </testcase> <!-- @AfterSuite ConfigAS -->
  <testcase classname="com.vtiger.comcast.contacttest.CreateContactsTest" name="createContact" time="0.0">
    <ignored/>
  </testcase> <!-- createContact -->
</testsuite> <!-- Test -->
