<?xml version="1.0" encoding="UTF-8"?>
<!-- Generated by org.testng.reporters.JUnitXMLReporter -->
<testsuite ignored="0" hostname="DESKTOP-TR185PD" failures="1" tests="1" name="Test" time="14.924" errors="0" timestamp="2022-01-22T16:23:45 IST">
  <testcase classname="practice.SimScreenShot" name="verifyHome" time="0.013">
    <failure type="java.lang.AssertionError" message="expected [B] but found [A]">
      <![CDATA[java.lang.AssertionError: expected [B] but found [A]
at practice.SimScreenShot.verifyHome(SimScreenShot.java:16)
at java.base/java.util.ArrayList.forEach(ArrayList.java:1511)
... Removed 33 stack frames]]>
    </failure>
  </testcase> <!-- verifyHome -->
</testsuite> <!-- Test -->
