<?xml version="1.0" encoding="UTF-8"?>
<!-- Generated by org.testng.reporters.JUnitXMLReporter -->
<testsuite ignored="0" hostname="DESKTOP-TR185PD" failures="0" tests="2" name="Test Runner-2" time="78.752" errors="0" timestamp="2022-01-21T16:13:57 IST">
  <testcase classname="com.vtiger.comcast.organizationtest.CreateOrganizationTest" name="createOrgTest" time="26.337"/>
  <testcase classname="com.vtiger.comcast.organizationtest.CreateOrganizationTest" name="createOrgWithIndutriesTest" time="17.501"/>
</testsuite> <!-- Test Runner-2 -->
