<?xml version="1.0" encoding="UTF-8"?>
<!-- Generated by org.testng.reporters.JUnitXMLReporter -->
<testsuite ignored="0" hostname="DESKTOP-TR185PD" failures="0" tests="2" name="Test Runner -1" time="88.735" errors="0" timestamp="2022-01-21T16:12:38 IST">
  <testcase classname="com.vtiger.comcast.contacttest.CreateContactsTest" name="createContact" time="26.664"/>
  <testcase classname="com.vtiger.comcast.contacttest.CreateContactsTest" name="createContactwithorgTest" time="29.876"/>
</testsuite> <!-- Test Runner -1 -->
