<?xml version="1.0" encoding="UTF-8"?>
<!-- Generated by org.testng.reporters.JUnitXMLReporter -->
<testsuite ignored="4" hostname="DESKTOP-TR185PD" failures="2" tests="2" name="Test" time="87.11" errors="0" timestamp="2022-01-21T15:54:47 IST">
  <testcase classname="com.vtiger.comcast.organizationtest.CreateOrganizationTest" name="createOrgWithIndutriesTest" time="1.203">
    <failure type="java.lang.NullPointerException" message="Cannot invoke &amp;quot;org.apache.poi.ss.usermodel.Cell.getStringCellValue()&amp;quot; because the return value of &amp;quot;org.apache.poi.ss.usermodel.Row.getCell(int)&amp;quot; is null">
      <![CDATA[java.lang.NullPointerException: Cannot invoke "org.apache.poi.ss.usermodel.Cell.getStringCellValue()" because the return value of "org.apache.poi.ss.usermodel.Row.getCell(int)" is null
at com.crm.GenericLibaray.ExcelUtility.getDataFromExcel(ExcelUtility.java:34)
at com.vtiger.comcast.organizationtest.CreateOrganizationTest.createOrgWithIndutriesTest(CreateOrganizationTest.java:59)
at java.base/java.util.ArrayList.forEach(ArrayList.java:1511)
... Removed 27 stack frames]]>
    </failure>
  </testcase> <!-- createOrgWithIndutriesTest -->
  <testcase classname="com.vtiger.comcast.contacttest.CreateContactsTest" name="createContactwithorgTest" time="0.117">
    <failure type="java.lang.NullPointerException" message="Cannot invoke &amp;quot;org.apache.poi.ss.usermodel.Cell.getStringCellValue()&amp;quot; because the return value of &amp;quot;org.apache.poi.ss.usermodel.Row.getCell(int)&amp;quot; is null">
      <![CDATA[java.lang.NullPointerException: Cannot invoke "org.apache.poi.ss.usermodel.Cell.getStringCellValue()" because the return value of "org.apache.poi.ss.usermodel.Row.getCell(int)" is null
at com.crm.GenericLibaray.ExcelUtility.getDataFromExcel(ExcelUtility.java:34)
at com.vtiger.comcast.contacttest.CreateContactsTest.createContactwithorgTest(CreateContactsTest.java:63)
at java.base/java.util.ArrayList.forEach(ArrayList.java:1511)
... Removed 27 stack frames]]>
    </failure>
  </testcase> <!-- createContactwithorgTest -->
  <testcase classname="com.crm.GenericLibaray.BaseAnnotationClass" name="@BeforeSuite ConfigBS" time="0.0">
    <ignored/>
  </testcase> <!-- @BeforeSuite ConfigBS -->
  <testcase classname="com.vtiger.comcast.organizationtest.CreateOrganizationTest" name="createOrgTest" time="0.0">
    <ignored/>
  </testcase> <!-- createOrgTest -->
  <testcase classname="com.crm.GenericLibaray.BaseAnnotationClass" name="@AfterSuite ConfigAS" time="0.0">
    <ignored/>
  </testcase> <!-- @AfterSuite ConfigAS -->
  <testcase classname="com.vtiger.comcast.contacttest.CreateContactsTest" name="createContact" time="0.0">
    <ignored/>
  </testcase> <!-- createContact -->
</testsuite> <!-- Test -->
